files/app/build/intermediates/manifest_merge_blame_file/release/manifest-merger-blame-release-report.txt
1<?xml version="1.0" encoding="utf-8"?>
2<manifest xmlns:android="http://schemas.android.com/apk/res/android"
3    package="com.name.myapp"
4    android:versionCode="1"
5    android:versionName="1.0" >
6
7    <uses-sdk
8        android:minSdkVersion="16"
8-->src/main/AndroidManifest.xml
9        android:targetSdkVersion="34" />
9-->src/main/AndroidManifest.xml
10
11    <!-- set label name for app -->
12    <application android:label="myapp" >
12-->src/main/AndroidManifest.xml:4:5-13:19
12-->src/main/AndroidManifest.xml:4:18-39
13
14        <!-- it contains one activity -->
15        <activity
15-->src/main/AndroidManifest.xml:6:9-12:20
16            android:name="com.name.myapp.MainActivity"
16-->src/main/AndroidManifest.xml:6:19-47
17            android:exported="true" >
17-->src/main/AndroidManifest.xml:6:48-71
18
19            <!-- it contains a launcher activity -->
20            <intent-filter>
20-->src/main/AndroidManifest.xml:8:13-11:29
21                <action android:name="android.intent.action.MAIN" />
21-->src/main/AndroidManifest.xml:9:17-68
21-->src/main/AndroidManifest.xml:9:25-66
22
23                <category android:name="android.intent.category.LAUNCHER" />
23-->src/main/AndroidManifest.xml:10:17-76
23-->src/main/AndroidManifest.xml:10:27-74
24            </intent-filter>
25        </activity>
26    </application>
27
28</manifest>